2024-11-02T16:20:53.296+05:30  INFO 23164 --- [TodoApp] [restartedMain] com.irusri.TodoApp.TodoAppApplication    : Starting TodoAppApplication using Java 22.0.2 with PID 23164 (E:\TodoApp\target\classes started by Anupa in E:\TodoApp)
2024-11-02T16:20:53.299+05:30  INFO 23164 --- [TodoApp] [restartedMain] com.irusri.TodoApp.TodoAppApplication    : No active profile set, falling back to 1 default profile: "default"
2024-11-02T16:20:53.355+05:30  INFO 23164 --- [TodoApp] [restartedMain] .e.DevToolsPropertyDefaultsPostProcessor : Devtools property defaults active! Set 'spring.devtools.add-properties' to 'false' to disable
2024-11-02T16:20:53.355+05:30  INFO 23164 --- [TodoApp] [restartedMain] .e.DevToolsPropertyDefaultsPostProcessor : For additional web related logging consider setting the 'logging.level.web' property to 'DEBUG'
2024-11-02T16:20:54.494+05:30  INFO 23164 --- [TodoApp] [restartedMain] .s.d.r.c.RepositoryConfigurationDelegate : Bootstrapping Spring Data JPA repositories in DEFAULT mode.
2024-11-02T16:20:54.546+05:30  INFO 23164 --- [TodoApp] [restartedMain] .s.d.r.c.RepositoryConfigurationDelegate : Finished Spring Data repository scanning in 44 ms. Found 2 JPA repository interfaces.
2024-11-02T16:20:55.306+05:30  INFO 23164 --- [TodoApp] [restartedMain] o.s.b.w.embedded.tomcat.TomcatWebServer  : Tomcat initialized with port 8080 (http)
2024-11-02T16:20:55.385+05:30  INFO 23164 --- [TodoApp] [restartedMain] o.a.catalina.core.AprLifecycleListener   : Loaded Apache Tomcat Native library [2.0.8] using APR version [1.7.4].
2024-11-02T16:20:55.390+05:30  INFO 23164 --- [TodoApp] [restartedMain] o.a.catalina.core.AprLifecycleListener   : OpenSSL successfully initialized [OpenSSL 3.0.14 4 Jun 2024]
2024-11-02T16:20:55.400+05:30  INFO 23164 --- [TodoApp] [restartedMain] o.apache.catalina.core.StandardService   : Starting service [Tomcat]
2024-11-02T16:20:55.400+05:30  INFO 23164 --- [TodoApp] [restartedMain] o.apache.catalina.core.StandardEngine    : Starting Servlet engine: [Apache Tomcat/10.1.31]
2024-11-02T16:20:55.447+05:30  INFO 23164 --- [TodoApp] [restartedMain] o.a.c.c.C.[Tomcat].[localhost].[/]       : Initializing Spring embedded WebApplicationContext
2024-11-02T16:20:55.447+05:30  INFO 23164 --- [TodoApp] [restartedMain] w.s.c.ServletWebServerApplicationContext : Root WebApplicationContext: initialization completed in 2091 ms
2024-11-02T16:20:55.739+05:30  WARN 23164 --- [TodoApp] [restartedMain] JpaBaseConfiguration$JpaWebConfiguration : spring.jpa.open-in-view is enabled by default. Therefore, database queries may be performed during view rendering. Explicitly configure spring.jpa.open-in-view to disable this warning
2024-11-02T16:20:55.876+05:30  INFO 23164 --- [TodoApp] [restartedMain] o.hibernate.jpa.internal.util.LogHelper  : HHH000204: Processing PersistenceUnitInfo [name: default]
2024-11-02T16:20:55.930+05:30  INFO 23164 --- [TodoApp] [restartedMain] org.hibernate.Version                    : HHH000412: Hibernate ORM core version 6.5.3.Final
2024-11-02T16:20:55.969+05:30  INFO 23164 --- [TodoApp] [restartedMain] o.h.c.internal.RegionFactoryInitiator    : HHH000026: Second-level cache disabled
2024-11-02T16:20:56.226+05:30  INFO 23164 --- [TodoApp] [restartedMain] o.s.o.j.p.SpringPersistenceUnitInfo      : No LoadTimeWeaver setup: ignoring JPA class transformer
2024-11-02T16:20:56.248+05:30  INFO 23164 --- [TodoApp] [restartedMain] com.zaxxer.hikari.HikariDataSource       : HikariPool-1 - Starting...
2024-11-02T16:20:59.826+05:30  INFO 23164 --- [TodoApp] [restartedMain] com.zaxxer.hikari.pool.HikariPool        : HikariPool-1 - Added connection com.mysql.cj.jdbc.ConnectionImpl@756844f5
2024-11-02T16:20:59.836+05:30  INFO 23164 --- [TodoApp] [restartedMain] com.zaxxer.hikari.HikariDataSource       : HikariPool-1 - Start completed.
2024-11-02T16:21:01.424+05:30  INFO 23164 --- [TodoApp] [restartedMain] o.h.e.t.j.p.i.JtaPlatformInitiator       : HHH000489: No JTA platform available (set 'hibernate.transaction.jta.platform' to enable JTA platform integration)
2024-11-02T16:21:03.096+05:30  INFO 23164 --- [TodoApp] [restartedMain] j.LocalContainerEntityManagerFactoryBean : Initialized JPA EntityManagerFactory for persistence unit 'default'
2024-11-02T16:21:03.687+05:30  INFO 23164 --- [TodoApp] [restartedMain] o.s.d.j.r.query.QueryEnhancerFactory     : Hibernate is in classpath; If applicable, HQL parser will be used.
2024-11-02T16:21:04.425+05:30  INFO 23164 --- [TodoApp] [restartedMain] eAuthenticationProviderManagerConfigurer : Global AuthenticationManager configured with AuthenticationProvider bean with name authenticationProvider
2024-11-02T16:21:04.426+05:30  WARN 23164 --- [TodoApp] [restartedMain] r$InitializeUserDetailsManagerConfigurer : Global AuthenticationManager configured with an AuthenticationProvider bean. UserDetailsService beans will not be used for username/password login. Consider removing the AuthenticationProvider bean. Alternatively, consider using the UserDetailsService in a manually instantiated DaoAuthenticationProvider.
2024-11-02T16:21:04.719+05:30  INFO 23164 --- [TodoApp] [restartedMain] o.s.b.a.e.web.EndpointLinksResolver      : Exposing 1 endpoint beneath base path '/actuator'
2024-11-02T16:21:05.209+05:30  INFO 23164 --- [TodoApp] [restartedMain] o.s.b.d.a.OptionalLiveReloadServer       : LiveReload server is running on port 35729
2024-11-02T16:21:05.292+05:30  INFO 23164 --- [TodoApp] [restartedMain] o.s.b.w.embedded.tomcat.TomcatWebServer  : Tomcat started on port 8080 (http) with context path '/'
2024-11-02T16:21:05.302+05:30  INFO 23164 --- [TodoApp] [restartedMain] com.irusri.TodoApp.TodoAppApplication    : Started TodoAppApplication in 12.564 seconds (process running for 13.201)
2024-11-02T16:21:14.397+05:30  INFO 23164 --- [TodoApp] [http-nio-8080-exec-3] o.a.c.c.C.[Tomcat].[localhost].[/]       : Initializing Spring DispatcherServlet 'dispatcherServlet'
2024-11-02T16:21:14.398+05:30  INFO 23164 --- [TodoApp] [http-nio-8080-exec-3] o.s.web.servlet.DispatcherServlet        : Initializing Servlet 'dispatcherServlet'
2024-11-02T16:21:14.399+05:30  INFO 23164 --- [TodoApp] [http-nio-8080-exec-3] o.s.web.servlet.DispatcherServlet        : Completed initialization in 1 ms
2024-11-02T16:21:14.541+05:30  INFO 23164 --- [TodoApp] [http-nio-8080-exec-3] com.irusri.TodoApp.service.ToDoService   : anupa trying to authenticate!
2024-11-02T16:21:15.673+05:30  INFO 23164 --- [TodoApp] [http-nio-8080-exec-3] com.irusri.TodoApp.service.ToDoService   : anupa successfully authenticated!
